<?xml version="1.0" encoding="UTF-8"?>
<!-- Generated by org.testng.reporters.JUnitReportReporter -->
<testsuite skipped="0" hostname="LAPTOP-36BHL9K1" name="Jan.DeleteCall" tests="1" failures="0" timestamp="11 Jun 2022 15:06:28 GMT" time="1.964" errors="0">
  <testcase name="deleteCall" time="1.964" classname="Jan.DeleteCall"/>
</testsuite> <!-- Jan.DeleteCall -->
