<?xml version="1.0" encoding="UTF-8"?>
<!-- Generated by org.testng.reporters.JUnitReportReporter -->
<testsuite hostname="LAPTOP-36BHL9K1" failures="0" tests="1" name="Jan.PutCall" time="2.617" errors="0" timestamp="19 May 2022 03:17:07 GMT" skipped="0">
  <testcase classname="Jan.PutCall" name="putMethod" time="2.617"/>
</testsuite> <!-- Jan.PutCall -->
