<?xml version="1.0" encoding="UTF-8"?>
<!-- Generated by org.testng.reporters.JUnitReportReporter -->
<testsuite hostname="LAPTOP-36BHL9K1" failures="0" tests="1" name="HttpMethods" time="2.584" errors="0" timestamp="17 Mar 2022 03:21:00 GMT" skipped="0">
  <testcase classname="HttpMethods" name="deleteResource" time="2.584"/>
</testsuite> <!-- HttpMethods -->
