<?xml version="1.0" encoding="UTF-8"?>
<!-- Generated by org.testng.reporters.JUnitReportReporter -->
<testsuite hostname="LAPTOP-36BHL9K1" failures="0" tests="1" name="Jan.PostCall" time="1.987" errors="0" timestamp="19 May 2022 03:10:00 GMT" skipped="0">
  <testcase classname="Jan.PostCall" name="postMethod" time="1.987"/>
</testsuite> <!-- Jan.PostCall -->
