<?xml version="1.0" encoding="UTF-8"?>
<!-- Generated by org.testng.reporters.JUnitReportReporter -->
<testsuite hostname="LAPTOP-36BHL9K1" failures="0" tests="1" name="GetCall" time="1.518" errors="0" timestamp="20 Jan 2022 03:21:10 GMT" skipped="0">
  <testcase classname="GetCall" name="updateComment" time="1.518"/>
</testsuite> <!-- GetCall -->
