<?xml version="1.0" encoding="UTF-8"?>
<!-- Generated by org.testng.reporters.JUnitReportReporter -->
<testsuite skipped="0" hostname="LAPTOP-36BHL9K1" name="Jan.GetCall" tests="5" failures="0" timestamp="11 Jun 2022 16:01:26 GMT" time="5.805" errors="0">
  <testcase name="postCall" time="1.251" classname="Jan.GetCall"/>
  <testcase name="getHttp" time="1.276" classname="Jan.GetCall"/>
  <testcase name="filteringResource" time="0.708" classname="Jan.GetCall"/>
  <testcase name="deleteCall" time="1.741" classname="Jan.GetCall"/>
  <testcase name="putCall" time="0.829" classname="Jan.GetCall"/>
</testsuite> <!-- Jan.GetCall -->
