<?xml version="1.0" encoding="UTF-8"?>
<!-- Generated by org.testng.reporters.JUnitReportReporter -->
<testsuite skipped="0" hostname="LAPTOP-36BHL9K1" name="Jan.Jira" tests="1" failures="0" timestamp="11 Jun 2022 16:44:48 GMT" time="2.350" errors="0">
  <testcase name="addCommnets" time="2.350" classname="Jan.Jira"/>
</testsuite> <!-- Jan.Jira -->
