<?xml version="1.0" encoding="UTF-8"?>
<!-- Generated by org.testng.reporters.JUnitReportReporter -->
<testsuite hostname="LAPTOP-36BHL9K1" failures="0" tests="1" name="JiraAPI" time="4.064" errors="0" timestamp="22 Mar 2022 03:25:14 GMT" skipped="0">
  <testcase classname="JiraAPI" name="addComment" time="4.064"/>
</testsuite> <!-- JiraAPI -->
