<?xml version="1.0" encoding="UTF-8"?>
<!-- Generated by org.testng.reporters.JUnitReportReporter -->
<testsuite hostname="LAPTOP-36BHL9K1" failures="0" tests="1" name="Jan.JiraApi" time="2.625" errors="0" timestamp="23 May 2022 03:06:00 GMT" skipped="0">
  <testcase classname="Jan.JiraApi" name="updateComment" time="2.625"/>
</testsuite> <!-- Jan.JiraApi -->
